I, [2014-02-25T14:43:04.368374 #16437]  INFO -- : Started GET "/" for 127.0.0.1 at 2014-02-25 14:43:04 -0500
I, [2014-02-25T14:43:04.382713 #16437]  INFO -- : Processing by StaticPagesController#home as HTML
I, [2014-02-25T14:43:04.392617 #16437]  INFO -- :   Rendered static_pages/home.html.erb within layouts/application (2.5ms)
I, [2014-02-25T14:43:04.437904 #16437]  INFO -- :   Rendered layouts/_shim.html.erb (0.7ms)
I, [2014-02-25T14:43:04.441969 #16437]  INFO -- :   Rendered layouts/_header.html.erb (2.1ms)
I, [2014-02-25T14:43:04.445788 #16437]  INFO -- :   Rendered layouts/_footer.html.erb (1.7ms)
I, [2014-02-25T14:43:04.446941 #16437]  INFO -- : Completed 200 OK in 63ms (Views: 61.6ms | ActiveRecord: 0.0ms)
I, [2014-02-25T14:43:04.661792 #16437]  INFO -- : Started GET "/assets/application-bb7646d9ffeacfd960a576001feb8b35.css" for 127.0.0.1 at 2014-02-25 14:43:04 -0500
F, [2014-02-25T14:43:04.674683 #16437] FATAL -- : 
ActionController::RoutingError (No route matches [GET] "/assets/application-bb7646d9ffeacfd960a576001feb8b35.css"):
  actionpack (4.0.3) lib/action_dispatch/middleware/debug_exceptions.rb:21:in `call'
  actionpack (4.0.3) lib/action_dispatch/middleware/show_exceptions.rb:30:in `call'
  railties (4.0.3) lib/rails/rack/logger.rb:38:in `call_app'
  railties (4.0.3) lib/rails/rack/logger.rb:20:in `block in call'
  activesupport (4.0.3) lib/active_support/tagged_logging.rb:67:in `block in tagged'
  activesupport (4.0.3) lib/active_support/tagged_logging.rb:25:in `tagged'
  activesupport (4.0.3) lib/active_support/tagged_logging.rb:67:in `tagged'
  railties (4.0.3) lib/rails/rack/logger.rb:20:in `call'
  actionpack (4.0.3) lib/action_dispatch/middleware/request_id.rb:21:in `call'
  rack (1.5.2) lib/rack/methodoverride.rb:21:in `call'
  rack (1.5.2) lib/rack/runtime.rb:17:in `call'
  activesupport (4.0.3) lib/active_support/cache/strategy/local_cache.rb:83:in `call'
  rack (1.5.2) lib/rack/sendfile.rb:112:in `call'
  railties (4.0.3) lib/rails/engine.rb:511:in `call'
  railties (4.0.3) lib/rails/application.rb:97:in `call'
  rack (1.5.2) lib/rack/lock.rb:17:in `call'
  rack (1.5.2) lib/rack/content_length.rb:14:in `call'
  rack (1.5.2) lib/rack/handler/webrick.rb:60:in `service'
  /home/stew/.rvm/rubies/ruby-2.0.0-p247/lib/ruby/2.0.0/webrick/httpserver.rb:138:in `service'
  /home/stew/.rvm/rubies/ruby-2.0.0-p247/lib/ruby/2.0.0/webrick/httpserver.rb:94:in `run'
  /home/stew/.rvm/rubies/ruby-2.0.0-p247/lib/ruby/2.0.0/webrick/server.rb:295:in `block in start_thread'


I, [2014-02-25T14:43:04.713670 #16437]  INFO -- : Started GET "/assets/application-c5b96eb70e5b4c8dfc9c050fb80ac48f.js" for 127.0.0.1 at 2014-02-25 14:43:04 -0500
F, [2014-02-25T14:43:04.716419 #16437] FATAL -- : 
ActionController::RoutingError (No route matches [GET] "/assets/application-c5b96eb70e5b4c8dfc9c050fb80ac48f.js"):
  actionpack (4.0.3) lib/action_dispatch/middleware/debug_exceptions.rb:21:in `call'
  actionpack (4.0.3) lib/action_dispatch/middleware/show_exceptions.rb:30:in `call'
  railties (4.0.3) lib/rails/rack/logger.rb:38:in `call_app'
  railties (4.0.3) lib/rails/rack/logger.rb:20:in `block in call'
  activesupport (4.0.3) lib/active_support/tagged_logging.rb:67:in `block in tagged'
  activesupport (4.0.3) lib/active_support/tagged_logging.rb:25:in `tagged'
  activesupport (4.0.3) lib/active_support/tagged_logging.rb:67:in `tagged'
  railties (4.0.3) lib/rails/rack/logger.rb:20:in `call'
  actionpack (4.0.3) lib/action_dispatch/middleware/request_id.rb:21:in `call'
  rack (1.5.2) lib/rack/methodoverride.rb:21:in `call'
  rack (1.5.2) lib/rack/runtime.rb:17:in `call'
  activesupport (4.0.3) lib/active_support/cache/strategy/local_cache.rb:83:in `call'
  rack (1.5.2) lib/rack/sendfile.rb:112:in `call'
  railties (4.0.3) lib/rails/engine.rb:511:in `call'
  railties (4.0.3) lib/rails/application.rb:97:in `call'
  rack (1.5.2) lib/rack/lock.rb:17:in `call'
  rack (1.5.2) lib/rack/content_length.rb:14:in `call'
  rack (1.5.2) lib/rack/handler/webrick.rb:60:in `service'
  /home/stew/.rvm/rubies/ruby-2.0.0-p247/lib/ruby/2.0.0/webrick/httpserver.rb:138:in `service'
  /home/stew/.rvm/rubies/ruby-2.0.0-p247/lib/ruby/2.0.0/webrick/httpserver.rb:94:in `run'
  /home/stew/.rvm/rubies/ruby-2.0.0-p247/lib/ruby/2.0.0/webrick/server.rb:295:in `block in start_thread'


I, [2014-02-25T14:43:04.718175 #16437]  INFO -- : Started GET "/images/rails.png" for 127.0.0.1 at 2014-02-25 14:43:04 -0500
F, [2014-02-25T14:43:04.741423 #16437] FATAL -- : 
ActionController::RoutingError (No route matches [GET] "/images/rails.png"):
  actionpack (4.0.3) lib/action_dispatch/middleware/debug_exceptions.rb:21:in `call'
  actionpack (4.0.3) lib/action_dispatch/middleware/show_exceptions.rb:30:in `call'
  railties (4.0.3) lib/rails/rack/logger.rb:38:in `call_app'
  railties (4.0.3) lib/rails/rack/logger.rb:20:in `block in call'
  activesupport (4.0.3) lib/active_support/tagged_logging.rb:67:in `block in tagged'
  activesupport (4.0.3) lib/active_support/tagged_logging.rb:25:in `tagged'
  activesupport (4.0.3) lib/active_support/tagged_logging.rb:67:in `tagged'
  railties (4.0.3) lib/rails/rack/logger.rb:20:in `call'
  actionpack (4.0.3) lib/action_dispatch/middleware/request_id.rb:21:in `call'
  rack (1.5.2) lib/rack/methodoverride.rb:21:in `call'
  rack (1.5.2) lib/rack/runtime.rb:17:in `call'
  activesupport (4.0.3) lib/active_support/cache/strategy/local_cache.rb:83:in `call'
  rack (1.5.2) lib/rack/sendfile.rb:112:in `call'
  railties (4.0.3) lib/rails/engine.rb:511:in `call'
  railties (4.0.3) lib/rails/application.rb:97:in `call'
  rack (1.5.2) lib/rack/lock.rb:17:in `call'
  rack (1.5.2) lib/rack/content_length.rb:14:in `call'
  rack (1.5.2) lib/rack/handler/webrick.rb:60:in `service'
  /home/stew/.rvm/rubies/ruby-2.0.0-p247/lib/ruby/2.0.0/webrick/httpserver.rb:138:in `service'
  /home/stew/.rvm/rubies/ruby-2.0.0-p247/lib/ruby/2.0.0/webrick/httpserver.rb:94:in `run'
  /home/stew/.rvm/rubies/ruby-2.0.0-p247/lib/ruby/2.0.0/webrick/server.rb:295:in `block in start_thread'


I, [2014-02-25T14:43:45.280574 #16468]  INFO -- : Migrating to CreateUsers (20140222191729)
I, [2014-02-25T14:43:45.444728 #16468]  INFO -- : Migrating to AddIndexToUsersEmail (20140224145839)
I, [2014-02-25T14:43:45.568202 #16468]  INFO -- : Migrating to AddPasswordDigestToUsers (20140224210712)
I, [2014-02-25T14:44:33.175899 #16472]  INFO -- : Started GET "/" for 127.0.0.1 at 2014-02-25 14:44:33 -0500
I, [2014-02-25T14:44:33.189961 #16472]  INFO -- : Processing by StaticPagesController#home as HTML
I, [2014-02-25T14:44:33.198512 #16472]  INFO -- :   Rendered static_pages/home.html.erb within layouts/application (2.4ms)
I, [2014-02-25T14:44:33.239676 #16472]  INFO -- :   Rendered layouts/_shim.html.erb (0.7ms)
I, [2014-02-25T14:44:33.242992 #16472]  INFO -- :   Rendered layouts/_header.html.erb (1.6ms)
I, [2014-02-25T14:44:33.246136 #16472]  INFO -- :   Rendered layouts/_footer.html.erb (1.4ms)
I, [2014-02-25T14:44:33.246910 #16472]  INFO -- : Completed 200 OK in 56ms (Views: 54.7ms | ActiveRecord: 0.0ms)
I, [2014-02-25T14:44:33.330140 #16472]  INFO -- : Started GET "/assets/application-bb7646d9ffeacfd960a576001feb8b35.css" for 127.0.0.1 at 2014-02-25 14:44:33 -0500
F, [2014-02-25T14:44:33.334600 #16472] FATAL -- : 
ActionController::RoutingError (No route matches [GET] "/assets/application-bb7646d9ffeacfd960a576001feb8b35.css"):
  actionpack (4.0.3) lib/action_dispatch/middleware/debug_exceptions.rb:21:in `call'
  actionpack (4.0.3) lib/action_dispatch/middleware/show_exceptions.rb:30:in `call'
  railties (4.0.3) lib/rails/rack/logger.rb:38:in `call_app'
  railties (4.0.3) lib/rails/rack/logger.rb:20:in `block in call'
  activesupport (4.0.3) lib/active_support/tagged_logging.rb:67:in `block in tagged'
  activesupport (4.0.3) lib/active_support/tagged_logging.rb:25:in `tagged'
  activesupport (4.0.3) lib/active_support/tagged_logging.rb:67:in `tagged'
  railties (4.0.3) lib/rails/rack/logger.rb:20:in `call'
  actionpack (4.0.3) lib/action_dispatch/middleware/request_id.rb:21:in `call'
  rack (1.5.2) lib/rack/methodoverride.rb:21:in `call'
  rack (1.5.2) lib/rack/runtime.rb:17:in `call'
  activesupport (4.0.3) lib/active_support/cache/strategy/local_cache.rb:83:in `call'
  rack (1.5.2) lib/rack/sendfile.rb:112:in `call'
  railties (4.0.3) lib/rails/engine.rb:511:in `call'
  railties (4.0.3) lib/rails/application.rb:97:in `call'
  rack (1.5.2) lib/rack/lock.rb:17:in `call'
  rack (1.5.2) lib/rack/content_length.rb:14:in `call'
  rack (1.5.2) lib/rack/handler/webrick.rb:60:in `service'
  /home/stew/.rvm/rubies/ruby-2.0.0-p247/lib/ruby/2.0.0/webrick/httpserver.rb:138:in `service'
  /home/stew/.rvm/rubies/ruby-2.0.0-p247/lib/ruby/2.0.0/webrick/httpserver.rb:94:in `run'
  /home/stew/.rvm/rubies/ruby-2.0.0-p247/lib/ruby/2.0.0/webrick/server.rb:295:in `block in start_thread'


I, [2014-02-25T14:44:33.350544 #16472]  INFO -- : Started GET "/assets/application-c5b96eb70e5b4c8dfc9c050fb80ac48f.js" for 127.0.0.1 at 2014-02-25 14:44:33 -0500
F, [2014-02-25T14:44:33.369179 #16472] FATAL -- : 
ActionController::RoutingError (No route matches [GET] "/assets/application-c5b96eb70e5b4c8dfc9c050fb80ac48f.js"):
  actionpack (4.0.3) lib/action_dispatch/middleware/debug_exceptions.rb:21:in `call'
  actionpack (4.0.3) lib/action_dispatch/middleware/show_exceptions.rb:30:in `call'
  railties (4.0.3) lib/rails/rack/logger.rb:38:in `call_app'
  railties (4.0.3) lib/rails/rack/logger.rb:20:in `block in call'
  activesupport (4.0.3) lib/active_support/tagged_logging.rb:67:in `block in tagged'
  activesupport (4.0.3) lib/active_support/tagged_logging.rb:25:in `tagged'
  activesupport (4.0.3) lib/active_support/tagged_logging.rb:67:in `tagged'
  railties (4.0.3) lib/rails/rack/logger.rb:20:in `call'
  actionpack (4.0.3) lib/action_dispatch/middleware/request_id.rb:21:in `call'
  rack (1.5.2) lib/rack/methodoverride.rb:21:in `call'
  rack (1.5.2) lib/rack/runtime.rb:17:in `call'
  activesupport (4.0.3) lib/active_support/cache/strategy/local_cache.rb:83:in `call'
  rack (1.5.2) lib/rack/sendfile.rb:112:in `call'
  railties (4.0.3) lib/rails/engine.rb:511:in `call'
  railties (4.0.3) lib/rails/application.rb:97:in `call'
  rack (1.5.2) lib/rack/lock.rb:17:in `call'
  rack (1.5.2) lib/rack/content_length.rb:14:in `call'
  rack (1.5.2) lib/rack/handler/webrick.rb:60:in `service'
  /home/stew/.rvm/rubies/ruby-2.0.0-p247/lib/ruby/2.0.0/webrick/httpserver.rb:138:in `service'
  /home/stew/.rvm/rubies/ruby-2.0.0-p247/lib/ruby/2.0.0/webrick/httpserver.rb:94:in `run'
  /home/stew/.rvm/rubies/ruby-2.0.0-p247/lib/ruby/2.0.0/webrick/server.rb:295:in `block in start_thread'


I, [2014-02-25T14:44:33.374211 #16472]  INFO -- : Started GET "/images/rails.png" for 127.0.0.1 at 2014-02-25 14:44:33 -0500
F, [2014-02-25T14:44:33.376834 #16472] FATAL -- : 
ActionController::RoutingError (No route matches [GET] "/images/rails.png"):
  actionpack (4.0.3) lib/action_dispatch/middleware/debug_exceptions.rb:21:in `call'
  actionpack (4.0.3) lib/action_dispatch/middleware/show_exceptions.rb:30:in `call'
  railties (4.0.3) lib/rails/rack/logger.rb:38:in `call_app'
  railties (4.0.3) lib/rails/rack/logger.rb:20:in `block in call'
  activesupport (4.0.3) lib/active_support/tagged_logging.rb:67:in `block in tagged'
  activesupport (4.0.3) lib/active_support/tagged_logging.rb:25:in `tagged'
  activesupport (4.0.3) lib/active_support/tagged_logging.rb:67:in `tagged'
  railties (4.0.3) lib/rails/rack/logger.rb:20:in `call'
  actionpack (4.0.3) lib/action_dispatch/middleware/request_id.rb:21:in `call'
  rack (1.5.2) lib/rack/methodoverride.rb:21:in `call'
  rack (1.5.2) lib/rack/runtime.rb:17:in `call'
  activesupport (4.0.3) lib/active_support/cache/strategy/local_cache.rb:83:in `call'
  rack (1.5.2) lib/rack/sendfile.rb:112:in `call'
  railties (4.0.3) lib/rails/engine.rb:511:in `call'
  railties (4.0.3) lib/rails/application.rb:97:in `call'
  rack (1.5.2) lib/rack/lock.rb:17:in `call'
  rack (1.5.2) lib/rack/content_length.rb:14:in `call'
  rack (1.5.2) lib/rack/handler/webrick.rb:60:in `service'
  /home/stew/.rvm/rubies/ruby-2.0.0-p247/lib/ruby/2.0.0/webrick/httpserver.rb:138:in `service'
  /home/stew/.rvm/rubies/ruby-2.0.0-p247/lib/ruby/2.0.0/webrick/httpserver.rb:94:in `run'
  /home/stew/.rvm/rubies/ruby-2.0.0-p247/lib/ruby/2.0.0/webrick/server.rb:295:in `block in start_thread'


I, [2014-02-25T14:44:34.788008 #16472]  INFO -- : Started GET "/" for 127.0.0.1 at 2014-02-25 14:44:34 -0500
I, [2014-02-25T14:44:34.790971 #16472]  INFO -- : Processing by StaticPagesController#home as HTML
I, [2014-02-25T14:44:34.793937 #16472]  INFO -- :   Rendered static_pages/home.html.erb within layouts/application (0.8ms)
I, [2014-02-25T14:44:34.796084 #16472]  INFO -- :   Rendered layouts/_shim.html.erb (0.1ms)
I, [2014-02-25T14:44:34.797401 #16472]  INFO -- :   Rendered layouts/_header.html.erb (0.6ms)
I, [2014-02-25T14:44:34.798366 #16472]  INFO -- :   Rendered layouts/_footer.html.erb (0.4ms)
I, [2014-02-25T14:44:34.799096 #16472]  INFO -- : Completed 200 OK in 8ms (Views: 6.9ms | ActiveRecord: 0.0ms)
I, [2014-02-25T14:44:34.869692 #16472]  INFO -- : Started GET "/assets/application-bb7646d9ffeacfd960a576001feb8b35.css" for 127.0.0.1 at 2014-02-25 14:44:34 -0500
F, [2014-02-25T14:44:34.873021 #16472] FATAL -- : 
ActionController::RoutingError (No route matches [GET] "/assets/application-bb7646d9ffeacfd960a576001feb8b35.css"):
  actionpack (4.0.3) lib/action_dispatch/middleware/debug_exceptions.rb:21:in `call'
  actionpack (4.0.3) lib/action_dispatch/middleware/show_exceptions.rb:30:in `call'
  railties (4.0.3) lib/rails/rack/logger.rb:38:in `call_app'
  railties (4.0.3) lib/rails/rack/logger.rb:20:in `block in call'
  activesupport (4.0.3) lib/active_support/tagged_logging.rb:67:in `block in tagged'
  activesupport (4.0.3) lib/active_support/tagged_logging.rb:25:in `tagged'
  activesupport (4.0.3) lib/active_support/tagged_logging.rb:67:in `tagged'
  railties (4.0.3) lib/rails/rack/logger.rb:20:in `call'
  actionpack (4.0.3) lib/action_dispatch/middleware/request_id.rb:21:in `call'
  rack (1.5.2) lib/rack/methodoverride.rb:21:in `call'
  rack (1.5.2) lib/rack/runtime.rb:17:in `call'
  activesupport (4.0.3) lib/active_support/cache/strategy/local_cache.rb:83:in `call'
  rack (1.5.2) lib/rack/sendfile.rb:112:in `call'
  railties (4.0.3) lib/rails/engine.rb:511:in `call'
  railties (4.0.3) lib/rails/application.rb:97:in `call'
  rack (1.5.2) lib/rack/lock.rb:17:in `call'
  rack (1.5.2) lib/rack/content_length.rb:14:in `call'
  rack (1.5.2) lib/rack/handler/webrick.rb:60:in `service'
  /home/stew/.rvm/rubies/ruby-2.0.0-p247/lib/ruby/2.0.0/webrick/httpserver.rb:138:in `service'
  /home/stew/.rvm/rubies/ruby-2.0.0-p247/lib/ruby/2.0.0/webrick/httpserver.rb:94:in `run'
  /home/stew/.rvm/rubies/ruby-2.0.0-p247/lib/ruby/2.0.0/webrick/server.rb:295:in `block in start_thread'


I, [2014-02-25T14:44:34.889994 #16472]  INFO -- : Started GET "/assets/application-c5b96eb70e5b4c8dfc9c050fb80ac48f.js" for 127.0.0.1 at 2014-02-25 14:44:34 -0500
F, [2014-02-25T14:44:34.893918 #16472] FATAL -- : 
ActionController::RoutingError (No route matches [GET] "/assets/application-c5b96eb70e5b4c8dfc9c050fb80ac48f.js"):
  actionpack (4.0.3) lib/action_dispatch/middleware/debug_exceptions.rb:21:in `call'
  actionpack (4.0.3) lib/action_dispatch/middleware/show_exceptions.rb:30:in `call'
  railties (4.0.3) lib/rails/rack/logger.rb:38:in `call_app'
  railties (4.0.3) lib/rails/rack/logger.rb:20:in `block in call'
  activesupport (4.0.3) lib/active_support/tagged_logging.rb:67:in `block in tagged'
  activesupport (4.0.3) lib/active_support/tagged_logging.rb:25:in `tagged'
  activesupport (4.0.3) lib/active_support/tagged_logging.rb:67:in `tagged'
  railties (4.0.3) lib/rails/rack/logger.rb:20:in `call'
  actionpack (4.0.3) lib/action_dispatch/middleware/request_id.rb:21:in `call'
  rack (1.5.2) lib/rack/methodoverride.rb:21:in `call'
  rack (1.5.2) lib/rack/runtime.rb:17:in `call'
  activesupport (4.0.3) lib/active_support/cache/strategy/local_cache.rb:83:in `call'
  rack (1.5.2) lib/rack/sendfile.rb:112:in `call'
  railties (4.0.3) lib/rails/engine.rb:511:in `call'
  railties (4.0.3) lib/rails/application.rb:97:in `call'
  rack (1.5.2) lib/rack/lock.rb:17:in `call'
  rack (1.5.2) lib/rack/content_length.rb:14:in `call'
  rack (1.5.2) lib/rack/handler/webrick.rb:60:in `service'
  /home/stew/.rvm/rubies/ruby-2.0.0-p247/lib/ruby/2.0.0/webrick/httpserver.rb:138:in `service'
  /home/stew/.rvm/rubies/ruby-2.0.0-p247/lib/ruby/2.0.0/webrick/httpserver.rb:94:in `run'
  /home/stew/.rvm/rubies/ruby-2.0.0-p247/lib/ruby/2.0.0/webrick/server.rb:295:in `block in start_thread'


I, [2014-02-25T14:44:34.907791 #16472]  INFO -- : Started GET "/images/rails.png" for 127.0.0.1 at 2014-02-25 14:44:34 -0500
F, [2014-02-25T14:44:34.910948 #16472] FATAL -- : 
ActionController::RoutingError (No route matches [GET] "/images/rails.png"):
  actionpack (4.0.3) lib/action_dispatch/middleware/debug_exceptions.rb:21:in `call'
  actionpack (4.0.3) lib/action_dispatch/middleware/show_exceptions.rb:30:in `call'
  railties (4.0.3) lib/rails/rack/logger.rb:38:in `call_app'
  railties (4.0.3) lib/rails/rack/logger.rb:20:in `block in call'
  activesupport (4.0.3) lib/active_support/tagged_logging.rb:67:in `block in tagged'
  activesupport (4.0.3) lib/active_support/tagged_logging.rb:25:in `tagged'
  activesupport (4.0.3) lib/active_support/tagged_logging.rb:67:in `tagged'
  railties (4.0.3) lib/rails/rack/logger.rb:20:in `call'
  actionpack (4.0.3) lib/action_dispatch/middleware/request_id.rb:21:in `call'
  rack (1.5.2) lib/rack/methodoverride.rb:21:in `call'
  rack (1.5.2) lib/rack/runtime.rb:17:in `call'
  activesupport (4.0.3) lib/active_support/cache/strategy/local_cache.rb:83:in `call'
  rack (1.5.2) lib/rack/sendfile.rb:112:in `call'
  railties (4.0.3) lib/rails/engine.rb:511:in `call'
  railties (4.0.3) lib/rails/application.rb:97:in `call'
  rack (1.5.2) lib/rack/lock.rb:17:in `call'
  rack (1.5.2) lib/rack/content_length.rb:14:in `call'
  rack (1.5.2) lib/rack/handler/webrick.rb:60:in `service'
  /home/stew/.rvm/rubies/ruby-2.0.0-p247/lib/ruby/2.0.0/webrick/httpserver.rb:138:in `service'
  /home/stew/.rvm/rubies/ruby-2.0.0-p247/lib/ruby/2.0.0/webrick/httpserver.rb:94:in `run'
  /home/stew/.rvm/rubies/ruby-2.0.0-p247/lib/ruby/2.0.0/webrick/server.rb:295:in `block in start_thread'


I, [2014-02-25T14:45:01.994775 #16483]  INFO -- : Started GET "/" for 127.0.0.1 at 2014-02-25 14:45:01 -0500
I, [2014-02-25T14:45:02.010603 #16483]  INFO -- : Processing by StaticPagesController#home as HTML
I, [2014-02-25T14:45:02.078254 #16483]  INFO -- :   Rendered static_pages/home.html.erb within layouts/application (2.0ms)
I, [2014-02-25T14:45:02.126187 #16483]  INFO -- :   Rendered layouts/_shim.html.erb (0.9ms)
I, [2014-02-25T14:45:02.130142 #16483]  INFO -- :   Rendered layouts/_header.html.erb (1.8ms)
I, [2014-02-25T14:45:02.133384 #16483]  INFO -- :   Rendered layouts/_footer.html.erb (1.5ms)
I, [2014-02-25T14:45:02.134201 #16483]  INFO -- : Completed 200 OK in 123ms (Views: 121.2ms | ActiveRecord: 0.0ms)
I, [2014-02-25T14:45:02.198733 #16483]  INFO -- : Started GET "/assets/application-bb7646d9ffeacfd960a576001feb8b35.css" for 127.0.0.1 at 2014-02-25 14:45:02 -0500
F, [2014-02-25T14:45:02.209229 #16483] FATAL -- : 
ActionController::RoutingError (No route matches [GET] "/assets/application-bb7646d9ffeacfd960a576001feb8b35.css"):
  actionpack (4.0.3) lib/action_dispatch/middleware/debug_exceptions.rb:21:in `call'
  actionpack (4.0.3) lib/action_dispatch/middleware/show_exceptions.rb:30:in `call'
  railties (4.0.3) lib/rails/rack/logger.rb:38:in `call_app'
  railties (4.0.3) lib/rails/rack/logger.rb:20:in `block in call'
  activesupport (4.0.3) lib/active_support/tagged_logging.rb:67:in `block in tagged'
  activesupport (4.0.3) lib/active_support/tagged_logging.rb:25:in `tagged'
  activesupport (4.0.3) lib/active_support/tagged_logging.rb:67:in `tagged'
  railties (4.0.3) lib/rails/rack/logger.rb:20:in `call'
  actionpack (4.0.3) lib/action_dispatch/middleware/request_id.rb:21:in `call'
  rack (1.5.2) lib/rack/methodoverride.rb:21:in `call'
  rack (1.5.2) lib/rack/runtime.rb:17:in `call'
  activesupport (4.0.3) lib/active_support/cache/strategy/local_cache.rb:83:in `call'
  rack (1.5.2) lib/rack/sendfile.rb:112:in `call'
  railties (4.0.3) lib/rails/engine.rb:511:in `call'
  railties (4.0.3) lib/rails/application.rb:97:in `call'
  rack (1.5.2) lib/rack/lock.rb:17:in `call'
  rack (1.5.2) lib/rack/content_length.rb:14:in `call'
  rack (1.5.2) lib/rack/handler/webrick.rb:60:in `service'
  /home/stew/.rvm/rubies/ruby-2.0.0-p247/lib/ruby/2.0.0/webrick/httpserver.rb:138:in `service'
  /home/stew/.rvm/rubies/ruby-2.0.0-p247/lib/ruby/2.0.0/webrick/httpserver.rb:94:in `run'
  /home/stew/.rvm/rubies/ruby-2.0.0-p247/lib/ruby/2.0.0/webrick/server.rb:295:in `block in start_thread'


I, [2014-02-25T14:45:02.213231 #16483]  INFO -- : Started GET "/assets/application-c5b96eb70e5b4c8dfc9c050fb80ac48f.js" for 127.0.0.1 at 2014-02-25 14:45:02 -0500
F, [2014-02-25T14:45:02.220166 #16483] FATAL -- : 
ActionController::RoutingError (No route matches [GET] "/assets/application-c5b96eb70e5b4c8dfc9c050fb80ac48f.js"):
  actionpack (4.0.3) lib/action_dispatch/middleware/debug_exceptions.rb:21:in `call'
  actionpack (4.0.3) lib/action_dispatch/middleware/show_exceptions.rb:30:in `call'
  railties (4.0.3) lib/rails/rack/logger.rb:38:in `call_app'
  railties (4.0.3) lib/rails/rack/logger.rb:20:in `block in call'
  activesupport (4.0.3) lib/active_support/tagged_logging.rb:67:in `block in tagged'
  activesupport (4.0.3) lib/active_support/tagged_logging.rb:25:in `tagged'
  activesupport (4.0.3) lib/active_support/tagged_logging.rb:67:in `tagged'
  railties (4.0.3) lib/rails/rack/logger.rb:20:in `call'
  actionpack (4.0.3) lib/action_dispatch/middleware/request_id.rb:21:in `call'
  rack (1.5.2) lib/rack/methodoverride.rb:21:in `call'
  rack (1.5.2) lib/rack/runtime.rb:17:in `call'
  activesupport (4.0.3) lib/active_support/cache/strategy/local_cache.rb:83:in `call'
  rack (1.5.2) lib/rack/sendfile.rb:112:in `call'
  railties (4.0.3) lib/rails/engine.rb:511:in `call'
  railties (4.0.3) lib/rails/application.rb:97:in `call'
  rack (1.5.2) lib/rack/lock.rb:17:in `call'
  rack (1.5.2) lib/rack/content_length.rb:14:in `call'
  rack (1.5.2) lib/rack/handler/webrick.rb:60:in `service'
  /home/stew/.rvm/rubies/ruby-2.0.0-p247/lib/ruby/2.0.0/webrick/httpserver.rb:138:in `service'
  /home/stew/.rvm/rubies/ruby-2.0.0-p247/lib/ruby/2.0.0/webrick/httpserver.rb:94:in `run'
  /home/stew/.rvm/rubies/ruby-2.0.0-p247/lib/ruby/2.0.0/webrick/server.rb:295:in `block in start_thread'


I, [2014-02-25T14:45:02.224526 #16483]  INFO -- : Started GET "/images/rails.png" for 127.0.0.1 at 2014-02-25 14:45:02 -0500
F, [2014-02-25T14:45:02.228968 #16483] FATAL -- : 
ActionController::RoutingError (No route matches [GET] "/images/rails.png"):
  actionpack (4.0.3) lib/action_dispatch/middleware/debug_exceptions.rb:21:in `call'
  actionpack (4.0.3) lib/action_dispatch/middleware/show_exceptions.rb:30:in `call'
  railties (4.0.3) lib/rails/rack/logger.rb:38:in `call_app'
  railties (4.0.3) lib/rails/rack/logger.rb:20:in `block in call'
  activesupport (4.0.3) lib/active_support/tagged_logging.rb:67:in `block in tagged'
  activesupport (4.0.3) lib/active_support/tagged_logging.rb:25:in `tagged'
  activesupport (4.0.3) lib/active_support/tagged_logging.rb:67:in `tagged'
  railties (4.0.3) lib/rails/rack/logger.rb:20:in `call'
  actionpack (4.0.3) lib/action_dispatch/middleware/request_id.rb:21:in `call'
  rack (1.5.2) lib/rack/methodoverride.rb:21:in `call'
  rack (1.5.2) lib/rack/runtime.rb:17:in `call'
  activesupport (4.0.3) lib/active_support/cache/strategy/local_cache.rb:83:in `call'
  rack (1.5.2) lib/rack/sendfile.rb:112:in `call'
  railties (4.0.3) lib/rails/engine.rb:511:in `call'
  railties (4.0.3) lib/rails/application.rb:97:in `call'
  rack (1.5.2) lib/rack/lock.rb:17:in `call'
  rack (1.5.2) lib/rack/content_length.rb:14:in `call'
  rack (1.5.2) lib/rack/handler/webrick.rb:60:in `service'
  /home/stew/.rvm/rubies/ruby-2.0.0-p247/lib/ruby/2.0.0/webrick/httpserver.rb:138:in `service'
  /home/stew/.rvm/rubies/ruby-2.0.0-p247/lib/ruby/2.0.0/webrick/httpserver.rb:94:in `run'
  /home/stew/.rvm/rubies/ruby-2.0.0-p247/lib/ruby/2.0.0/webrick/server.rb:295:in `block in start_thread'


I, [2014-02-25T14:48:36.589269 #16671]  INFO -- : Started GET "/" for 127.0.0.1 at 2014-02-25 14:48:36 -0500
I, [2014-02-25T14:48:36.603942 #16671]  INFO -- : Processing by StaticPagesController#home as HTML
I, [2014-02-25T14:48:36.661933 #16671]  INFO -- :   Rendered static_pages/home.html.erb within layouts/application (2.5ms)
I, [2014-02-25T14:48:36.708484 #16671]  INFO -- :   Rendered layouts/_shim.html.erb (0.8ms)
I, [2014-02-25T14:48:36.712373 #16671]  INFO -- :   Rendered layouts/_header.html.erb (1.9ms)
I, [2014-02-25T14:48:36.715633 #16671]  INFO -- :   Rendered layouts/_footer.html.erb (1.3ms)
I, [2014-02-25T14:48:36.716858 #16671]  INFO -- : Completed 200 OK in 112ms (Views: 61.5ms | ActiveRecord: 0.0ms)
I, [2014-02-25T14:48:36.955296 #16671]  INFO -- : Started GET "/images/rails.png" for 127.0.0.1 at 2014-02-25 14:48:36 -0500
F, [2014-02-25T14:48:36.964958 #16671] FATAL -- : 
ActionController::RoutingError (No route matches [GET] "/images/rails.png"):
  actionpack (4.0.3) lib/action_dispatch/middleware/debug_exceptions.rb:21:in `call'
  actionpack (4.0.3) lib/action_dispatch/middleware/show_exceptions.rb:30:in `call'
  railties (4.0.3) lib/rails/rack/logger.rb:38:in `call_app'
  railties (4.0.3) lib/rails/rack/logger.rb:20:in `block in call'
  activesupport (4.0.3) lib/active_support/tagged_logging.rb:67:in `block in tagged'
  activesupport (4.0.3) lib/active_support/tagged_logging.rb:25:in `tagged'
  activesupport (4.0.3) lib/active_support/tagged_logging.rb:67:in `tagged'
  railties (4.0.3) lib/rails/rack/logger.rb:20:in `call'
  actionpack (4.0.3) lib/action_dispatch/middleware/request_id.rb:21:in `call'
  rack (1.5.2) lib/rack/methodoverride.rb:21:in `call'
  rack (1.5.2) lib/rack/runtime.rb:17:in `call'
  activesupport (4.0.3) lib/active_support/cache/strategy/local_cache.rb:83:in `call'
  actionpack (4.0.3) lib/action_dispatch/middleware/static.rb:64:in `call'
  rack (1.5.2) lib/rack/sendfile.rb:112:in `call'
  railties (4.0.3) lib/rails/engine.rb:511:in `call'
  railties (4.0.3) lib/rails/application.rb:97:in `call'
  rack (1.5.2) lib/rack/lock.rb:17:in `call'
  rack (1.5.2) lib/rack/content_length.rb:14:in `call'
  rack (1.5.2) lib/rack/handler/webrick.rb:60:in `service'
  /home/stew/.rvm/rubies/ruby-2.0.0-p247/lib/ruby/2.0.0/webrick/httpserver.rb:138:in `service'
  /home/stew/.rvm/rubies/ruby-2.0.0-p247/lib/ruby/2.0.0/webrick/httpserver.rb:94:in `run'
  /home/stew/.rvm/rubies/ruby-2.0.0-p247/lib/ruby/2.0.0/webrick/server.rb:295:in `block in start_thread'


I, [2014-02-25T14:48:38.152212 #16671]  INFO -- : Started GET "/" for 127.0.0.1 at 2014-02-25 14:48:38 -0500
I, [2014-02-25T14:48:38.156483 #16671]  INFO -- : Processing by StaticPagesController#home as HTML
I, [2014-02-25T14:48:38.158950 #16671]  INFO -- :   Rendered static_pages/home.html.erb within layouts/application (0.7ms)
I, [2014-02-25T14:48:38.161130 #16671]  INFO -- :   Rendered layouts/_shim.html.erb (0.1ms)
I, [2014-02-25T14:48:38.162084 #16671]  INFO -- :   Rendered layouts/_header.html.erb (0.6ms)
I, [2014-02-25T14:48:38.162802 #16671]  INFO -- :   Rendered layouts/_footer.html.erb (0.3ms)
I, [2014-02-25T14:48:38.163363 #16671]  INFO -- : Completed 200 OK in 7ms (Views: 5.6ms | ActiveRecord: 0.0ms)
I, [2014-02-25T14:48:38.252792 #16671]  INFO -- : Started GET "/images/rails.png" for 127.0.0.1 at 2014-02-25 14:48:38 -0500
F, [2014-02-25T14:48:38.266621 #16671] FATAL -- : 
ActionController::RoutingError (No route matches [GET] "/images/rails.png"):
  actionpack (4.0.3) lib/action_dispatch/middleware/debug_exceptions.rb:21:in `call'
  actionpack (4.0.3) lib/action_dispatch/middleware/show_exceptions.rb:30:in `call'
  railties (4.0.3) lib/rails/rack/logger.rb:38:in `call_app'
  railties (4.0.3) lib/rails/rack/logger.rb:20:in `block in call'
  activesupport (4.0.3) lib/active_support/tagged_logging.rb:67:in `block in tagged'
  activesupport (4.0.3) lib/active_support/tagged_logging.rb:25:in `tagged'
  activesupport (4.0.3) lib/active_support/tagged_logging.rb:67:in `tagged'
  railties (4.0.3) lib/rails/rack/logger.rb:20:in `call'
  actionpack (4.0.3) lib/action_dispatch/middleware/request_id.rb:21:in `call'
  rack (1.5.2) lib/rack/methodoverride.rb:21:in `call'
  rack (1.5.2) lib/rack/runtime.rb:17:in `call'
  activesupport (4.0.3) lib/active_support/cache/strategy/local_cache.rb:83:in `call'
  actionpack (4.0.3) lib/action_dispatch/middleware/static.rb:64:in `call'
  rack (1.5.2) lib/rack/sendfile.rb:112:in `call'
  railties (4.0.3) lib/rails/engine.rb:511:in `call'
  railties (4.0.3) lib/rails/application.rb:97:in `call'
  rack (1.5.2) lib/rack/lock.rb:17:in `call'
  rack (1.5.2) lib/rack/content_length.rb:14:in `call'
  rack (1.5.2) lib/rack/handler/webrick.rb:60:in `service'
  /home/stew/.rvm/rubies/ruby-2.0.0-p247/lib/ruby/2.0.0/webrick/httpserver.rb:138:in `service'
  /home/stew/.rvm/rubies/ruby-2.0.0-p247/lib/ruby/2.0.0/webrick/httpserver.rb:94:in `run'
  /home/stew/.rvm/rubies/ruby-2.0.0-p247/lib/ruby/2.0.0/webrick/server.rb:295:in `block in start_thread'


I, [2014-02-25T14:49:01.775610 #16680]  INFO -- : Started GET "/" for 127.0.0.1 at 2014-02-25 14:49:01 -0500
I, [2014-02-25T14:49:01.792984 #16680]  INFO -- : Processing by StaticPagesController#home as HTML
I, [2014-02-25T14:49:01.804729 #16680]  INFO -- :   Rendered static_pages/home.html.erb within layouts/application (2.4ms)
I, [2014-02-25T14:49:01.852445 #16680]  INFO -- :   Rendered layouts/_shim.html.erb (0.7ms)
I, [2014-02-25T14:49:01.856393 #16680]  INFO -- :   Rendered layouts/_header.html.erb (1.6ms)
I, [2014-02-25T14:49:01.861402 #16680]  INFO -- :   Rendered layouts/_footer.html.erb (1.6ms)
I, [2014-02-25T14:49:01.862873 #16680]  INFO -- : Completed 200 OK in 69ms (Views: 67.1ms | ActiveRecord: 0.0ms)
I, [2014-02-25T14:49:01.973006 #16680]  INFO -- : Started GET "/images/rails.png" for 127.0.0.1 at 2014-02-25 14:49:01 -0500
F, [2014-02-25T14:49:02.048556 #16680] FATAL -- : 
ActionController::RoutingError (No route matches [GET] "/images/rails.png"):
  actionpack (4.0.3) lib/action_dispatch/middleware/debug_exceptions.rb:21:in `call'
  actionpack (4.0.3) lib/action_dispatch/middleware/show_exceptions.rb:30:in `call'
  railties (4.0.3) lib/rails/rack/logger.rb:38:in `call_app'
  railties (4.0.3) lib/rails/rack/logger.rb:20:in `block in call'
  activesupport (4.0.3) lib/active_support/tagged_logging.rb:67:in `block in tagged'
  activesupport (4.0.3) lib/active_support/tagged_logging.rb:25:in `tagged'
  activesupport (4.0.3) lib/active_support/tagged_logging.rb:67:in `tagged'
  railties (4.0.3) lib/rails/rack/logger.rb:20:in `call'
  actionpack (4.0.3) lib/action_dispatch/middleware/request_id.rb:21:in `call'
  rack (1.5.2) lib/rack/methodoverride.rb:21:in `call'
  rack (1.5.2) lib/rack/runtime.rb:17:in `call'
  activesupport (4.0.3) lib/active_support/cache/strategy/local_cache.rb:83:in `call'
  actionpack (4.0.3) lib/action_dispatch/middleware/static.rb:64:in `call'
  rack (1.5.2) lib/rack/sendfile.rb:112:in `call'
  railties (4.0.3) lib/rails/engine.rb:511:in `call'
  railties (4.0.3) lib/rails/application.rb:97:in `call'
  rack (1.5.2) lib/rack/lock.rb:17:in `call'
  rack (1.5.2) lib/rack/content_length.rb:14:in `call'
  rack (1.5.2) lib/rack/handler/webrick.rb:60:in `service'
  /home/stew/.rvm/rubies/ruby-2.0.0-p247/lib/ruby/2.0.0/webrick/httpserver.rb:138:in `service'
  /home/stew/.rvm/rubies/ruby-2.0.0-p247/lib/ruby/2.0.0/webrick/httpserver.rb:94:in `run'
  /home/stew/.rvm/rubies/ruby-2.0.0-p247/lib/ruby/2.0.0/webrick/server.rb:295:in `block in start_thread'


I, [2014-02-25T14:53:17.867181 #16680]  INFO -- : Started GET "/" for 127.0.0.1 at 2014-02-25 14:53:17 -0500
I, [2014-02-25T14:53:17.870449 #16680]  INFO -- : Processing by StaticPagesController#home as HTML
I, [2014-02-25T14:53:17.873298 #16680]  INFO -- :   Rendered static_pages/home.html.erb within layouts/application (0.9ms)
I, [2014-02-25T14:53:17.875164 #16680]  INFO -- :   Rendered layouts/_shim.html.erb (0.1ms)
I, [2014-02-25T14:53:17.876090 #16680]  INFO -- :   Rendered layouts/_header.html.erb (0.5ms)
I, [2014-02-25T14:53:17.876868 #16680]  INFO -- :   Rendered layouts/_footer.html.erb (0.3ms)
I, [2014-02-25T14:53:17.877484 #16680]  INFO -- : Completed 200 OK in 7ms (Views: 5.7ms | ActiveRecord: 0.0ms)
I, [2014-02-25T14:53:18.056383 #16680]  INFO -- : Started GET "/images/rails.png" for 127.0.0.1 at 2014-02-25 14:53:18 -0500
F, [2014-02-25T14:53:18.061916 #16680] FATAL -- : 
ActionController::RoutingError (No route matches [GET] "/images/rails.png"):
  actionpack (4.0.3) lib/action_dispatch/middleware/debug_exceptions.rb:21:in `call'
  actionpack (4.0.3) lib/action_dispatch/middleware/show_exceptions.rb:30:in `call'
  railties (4.0.3) lib/rails/rack/logger.rb:38:in `call_app'
  railties (4.0.3) lib/rails/rack/logger.rb:20:in `block in call'
  activesupport (4.0.3) lib/active_support/tagged_logging.rb:67:in `block in tagged'
  activesupport (4.0.3) lib/active_support/tagged_logging.rb:25:in `tagged'
  activesupport (4.0.3) lib/active_support/tagged_logging.rb:67:in `tagged'
  railties (4.0.3) lib/rails/rack/logger.rb:20:in `call'
  actionpack (4.0.3) lib/action_dispatch/middleware/request_id.rb:21:in `call'
  rack (1.5.2) lib/rack/methodoverride.rb:21:in `call'
  rack (1.5.2) lib/rack/runtime.rb:17:in `call'
  activesupport (4.0.3) lib/active_support/cache/strategy/local_cache.rb:83:in `call'
  actionpack (4.0.3) lib/action_dispatch/middleware/static.rb:64:in `call'
  rack (1.5.2) lib/rack/sendfile.rb:112:in `call'
  railties (4.0.3) lib/rails/engine.rb:511:in `call'
  railties (4.0.3) lib/rails/application.rb:97:in `call'
  rack (1.5.2) lib/rack/lock.rb:17:in `call'
  rack (1.5.2) lib/rack/content_length.rb:14:in `call'
  rack (1.5.2) lib/rack/handler/webrick.rb:60:in `service'
  /home/stew/.rvm/rubies/ruby-2.0.0-p247/lib/ruby/2.0.0/webrick/httpserver.rb:138:in `service'
  /home/stew/.rvm/rubies/ruby-2.0.0-p247/lib/ruby/2.0.0/webrick/httpserver.rb:94:in `run'
  /home/stew/.rvm/rubies/ruby-2.0.0-p247/lib/ruby/2.0.0/webrick/server.rb:295:in `block in start_thread'


I, [2014-02-25T14:53:24.494559 #16680]  INFO -- : Started GET "/" for 127.0.0.1 at 2014-02-25 14:53:24 -0500
I, [2014-02-25T14:53:24.496037 #16680]  INFO -- : Processing by StaticPagesController#home as HTML
I, [2014-02-25T14:53:24.498027 #16680]  INFO -- :   Rendered static_pages/home.html.erb within layouts/application (0.5ms)
I, [2014-02-25T14:53:24.499576 #16680]  INFO -- :   Rendered layouts/_shim.html.erb (0.1ms)
I, [2014-02-25T14:53:24.500566 #16680]  INFO -- :   Rendered layouts/_header.html.erb (0.6ms)
I, [2014-02-25T14:53:24.501335 #16680]  INFO -- :   Rendered layouts/_footer.html.erb (0.4ms)
I, [2014-02-25T14:53:24.501968 #16680]  INFO -- : Completed 200 OK in 6ms (Views: 4.7ms | ActiveRecord: 0.0ms)
I, [2014-02-25T14:53:24.653833 #16680]  INFO -- : Started GET "/images/rails.png" for 127.0.0.1 at 2014-02-25 14:53:24 -0500
F, [2014-02-25T14:53:24.657270 #16680] FATAL -- : 
ActionController::RoutingError (No route matches [GET] "/images/rails.png"):
  actionpack (4.0.3) lib/action_dispatch/middleware/debug_exceptions.rb:21:in `call'
  actionpack (4.0.3) lib/action_dispatch/middleware/show_exceptions.rb:30:in `call'
  railties (4.0.3) lib/rails/rack/logger.rb:38:in `call_app'
  railties (4.0.3) lib/rails/rack/logger.rb:20:in `block in call'
  activesupport (4.0.3) lib/active_support/tagged_logging.rb:67:in `block in tagged'
  activesupport (4.0.3) lib/active_support/tagged_logging.rb:25:in `tagged'
  activesupport (4.0.3) lib/active_support/tagged_logging.rb:67:in `tagged'
  railties (4.0.3) lib/rails/rack/logger.rb:20:in `call'
  actionpack (4.0.3) lib/action_dispatch/middleware/request_id.rb:21:in `call'
  rack (1.5.2) lib/rack/methodoverride.rb:21:in `call'
  rack (1.5.2) lib/rack/runtime.rb:17:in `call'
  activesupport (4.0.3) lib/active_support/cache/strategy/local_cache.rb:83:in `call'
  actionpack (4.0.3) lib/action_dispatch/middleware/static.rb:64:in `call'
  rack (1.5.2) lib/rack/sendfile.rb:112:in `call'
  railties (4.0.3) lib/rails/engine.rb:511:in `call'
  railties (4.0.3) lib/rails/application.rb:97:in `call'
  rack (1.5.2) lib/rack/lock.rb:17:in `call'
  rack (1.5.2) lib/rack/content_length.rb:14:in `call'
  rack (1.5.2) lib/rack/handler/webrick.rb:60:in `service'
  /home/stew/.rvm/rubies/ruby-2.0.0-p247/lib/ruby/2.0.0/webrick/httpserver.rb:138:in `service'
  /home/stew/.rvm/rubies/ruby-2.0.0-p247/lib/ruby/2.0.0/webrick/httpserver.rb:94:in `run'
  /home/stew/.rvm/rubies/ruby-2.0.0-p247/lib/ruby/2.0.0/webrick/server.rb:295:in `block in start_thread'


I, [2014-02-25T14:53:38.497740 #16951]  INFO -- : Started GET "/" for 127.0.0.1 at 2014-02-25 14:53:38 -0500
I, [2014-02-25T14:53:38.512896 #16951]  INFO -- : Processing by StaticPagesController#home as HTML
I, [2014-02-25T14:53:38.521342 #16951]  INFO -- :   Rendered static_pages/home.html.erb within layouts/application (1.6ms)
I, [2014-02-25T14:53:38.564468 #16951]  INFO -- :   Rendered layouts/_shim.html.erb (0.6ms)
I, [2014-02-25T14:53:38.567222 #16951]  INFO -- :   Rendered layouts/_header.html.erb (1.4ms)
I, [2014-02-25T14:53:38.569771 #16951]  INFO -- :   Rendered layouts/_footer.html.erb (1.1ms)
I, [2014-02-25T14:53:38.570406 #16951]  INFO -- : Completed 200 OK in 56ms (Views: 54.5ms | ActiveRecord: 0.0ms)
I, [2014-02-25T14:54:27.106199 #16951]  INFO -- : Started GET "/" for 127.0.0.1 at 2014-02-25 14:54:27 -0500
I, [2014-02-25T14:54:27.110000 #16951]  INFO -- : Processing by StaticPagesController#home as HTML
I, [2014-02-25T14:54:27.112803 #16951]  INFO -- :   Rendered static_pages/home.html.erb within layouts/application (0.4ms)
I, [2014-02-25T14:54:27.114893 #16951]  INFO -- :   Rendered layouts/_shim.html.erb (0.1ms)
I, [2014-02-25T14:54:27.116002 #16951]  INFO -- :   Rendered layouts/_header.html.erb (0.5ms)
I, [2014-02-25T14:54:27.116916 #16951]  INFO -- :   Rendered layouts/_footer.html.erb (0.4ms)
I, [2014-02-25T14:54:27.117552 #16951]  INFO -- : Completed 200 OK in 7ms (Views: 6.2ms | ActiveRecord: 0.0ms)
I, [2014-02-25T14:54:36.872325 #16994]  INFO -- : Started GET "/" for 127.0.0.1 at 2014-02-25 14:54:36 -0500
I, [2014-02-25T14:54:36.884958 #16994]  INFO -- : Processing by StaticPagesController#home as HTML
I, [2014-02-25T14:54:36.892734 #16994]  INFO -- :   Rendered static_pages/home.html.erb within layouts/application (2.1ms)
I, [2014-02-25T14:54:36.933784 #16994]  INFO -- :   Rendered layouts/_shim.html.erb (0.7ms)
I, [2014-02-25T14:54:36.936611 #16994]  INFO -- :   Rendered layouts/_header.html.erb (1.4ms)
I, [2014-02-25T14:54:36.939479 #16994]  INFO -- :   Rendered layouts/_footer.html.erb (1.4ms)
I, [2014-02-25T14:54:36.940111 #16994]  INFO -- : Completed 200 OK in 55ms (Views: 53.2ms | ActiveRecord: 0.0ms)
I, [2014-02-25T14:54:37.108676 #16994]  INFO -- : Started GET "/images/images/rails.png" for 127.0.0.1 at 2014-02-25 14:54:37 -0500
F, [2014-02-25T14:54:37.122836 #16994] FATAL -- : 
ActionController::RoutingError (No route matches [GET] "/images/images/rails.png"):
  actionpack (4.0.3) lib/action_dispatch/middleware/debug_exceptions.rb:21:in `call'
  actionpack (4.0.3) lib/action_dispatch/middleware/show_exceptions.rb:30:in `call'
  railties (4.0.3) lib/rails/rack/logger.rb:38:in `call_app'
  railties (4.0.3) lib/rails/rack/logger.rb:20:in `block in call'
  activesupport (4.0.3) lib/active_support/tagged_logging.rb:67:in `block in tagged'
  activesupport (4.0.3) lib/active_support/tagged_logging.rb:25:in `tagged'
  activesupport (4.0.3) lib/active_support/tagged_logging.rb:67:in `tagged'
  railties (4.0.3) lib/rails/rack/logger.rb:20:in `call'
  actionpack (4.0.3) lib/action_dispatch/middleware/request_id.rb:21:in `call'
  rack (1.5.2) lib/rack/methodoverride.rb:21:in `call'
  rack (1.5.2) lib/rack/runtime.rb:17:in `call'
  activesupport (4.0.3) lib/active_support/cache/strategy/local_cache.rb:83:in `call'
  actionpack (4.0.3) lib/action_dispatch/middleware/static.rb:64:in `call'
  rack (1.5.2) lib/rack/sendfile.rb:112:in `call'
  railties (4.0.3) lib/rails/engine.rb:511:in `call'
  railties (4.0.3) lib/rails/application.rb:97:in `call'
  rack (1.5.2) lib/rack/lock.rb:17:in `call'
  rack (1.5.2) lib/rack/content_length.rb:14:in `call'
  rack (1.5.2) lib/rack/handler/webrick.rb:60:in `service'
  /home/stew/.rvm/rubies/ruby-2.0.0-p247/lib/ruby/2.0.0/webrick/httpserver.rb:138:in `service'
  /home/stew/.rvm/rubies/ruby-2.0.0-p247/lib/ruby/2.0.0/webrick/httpserver.rb:94:in `run'
  /home/stew/.rvm/rubies/ruby-2.0.0-p247/lib/ruby/2.0.0/webrick/server.rb:295:in `block in start_thread'


